{
  "stats": {
    "suites": 1,
    "tests": 8,
    "passes": 8,
    "pending": 0,
    "failures": 0,
    "start": "2019-12-12T20:23:06.450Z",
    "end": "2019-12-12T20:23:22.861Z",
    "duration": 16411,
    "testsRegistered": 8,
    "passPercent": 100,
    "pendingPercent": 0,
    "other": 0,
    "hasOther": false,
    "skipped": 0,
    "hasSkipped": false,
    "passPercentClass": "success",
    "pendingPercentClass": "danger"
  },
  "suites": {
    "uuid": "aa3911ac-7955-4ea5-940d-bf8bc74b5a9b",
    "title": "",
    "fullFile": "",
    "file": "",
    "beforeHooks": [],
    "afterHooks": [],
    "tests": [],
    "suites": [
      {
        "uuid": "14c5e029-b10f-4175-a8fa-71f99ad3f252",
        "title": "Car Search Browser Automation Test",
        "fullFile": "/Users/pahluwalia/sandbox/selenium/car_search_automation/test/homePage.test.js",
        "file": "/test/homePage.test.js",
        "beforeHooks": [
          {
            "title": "\"before each\" hook",
            "fullTitle": "Car Search Browser Automation Test \"before each\" hook",
            "timedOut": false,
            "duration": 550,
            "pass": false,
            "fail": false,
            "pending": false,
            "code": "page = new Page();\ndriver = page.driver;\nawait page.visit(`${BASE_URL}/TADemo?feature=rental_cars_search_results_mvp&guid=mvp`);",
            "err": {},
            "isRoot": false,
            "uuid": "28393525-61e6-42eb-a585-2fff0f246875",
            "isHook": true,
            "skipped": false
          }
        ],
        "afterHooks": [
          {
            "title": "\"after each\" hook",
            "fullTitle": "Car Search Browser Automation Test \"after each\" hook",
            "timedOut": false,
            "duration": 51,
            "pass": false,
            "fail": false,
            "pending": false,
            "code": "await page.quit();",
            "err": {},
            "isRoot": false,
            "uuid": "f8b1cab8-1914-40fc-a5d3-60c84689ddc8",
            "isHook": true,
            "skipped": false
          }
        ],
        "tests": [
          {
            "title": "are search results shown to the user: Air | MIA",
            "fullTitle": "Car Search Browser Automation Test are search results shown to the user: Air | MIA",
            "timedOut": false,
            "duration": 1058,
            "state": "passed",
            "speed": "slow",
            "pass": true,
            "fail": false,
            "pending": false,
            "code": "await page.visit(`${BASE_URL}/RentalCars?geo=7917612&puCode=MIA&puHour=10&puMinute=00&doHour=10&doMinute=00&puDate=2020-01-15&doDate=2020-01-20&driversAge=30&puName=Miami%2C+FL+-+Miami+International+Airport+%28MIA%29&src=SearchForm&from=RentalCars`);\nconst result = await page.findRentalCarSearchResults();\nexpect(result.isUiContainerDisplayed).to.equal(true);\nexpect(result.numUiColumnsIsGaplessChildren).to.be.equal(3);",
            "err": {},
            "isRoot": false,
            "uuid": "70d820b9-43e6-4366-939f-737abb31cf2c",
            "isHook": false,
            "skipped": false
          },
          {
            "title": "are search results shown to the user: Air | BCN",
            "fullTitle": "Car Search Browser Automation Test are search results shown to the user: Air | BCN",
            "timedOut": false,
            "duration": 1368,
            "state": "passed",
            "speed": "slow",
            "pass": true,
            "fail": false,
            "pending": false,
            "code": "await page.visit(`${BASE_URL}/RentalCars?geo=7917496&puCode=BCN&puHour=10&puMinute=00&doHour=10&doMinute=00&puDate=2020-02-05&doDate=2020-02-09&driversAge=30&puName=Barcelona%2C+Spain+-+Barcelona+Airport+%28BCN%29&src=SearchForm&from=RentalCars`);\nconst result = await page.findRentalCarSearchResults();\nexpect(result.isUiContainerDisplayed).to.equal(true);\nexpect(result.numUiColumnsIsGaplessChildren).to.be.equal(3);",
            "err": {},
            "isRoot": false,
            "uuid": "5de0a869-8ea3-48ec-a8e2-5f1a244d91fd",
            "isHook": false,
            "skipped": false
          },
          {
            "title": "are search results shown to the user: Air | JFK",
            "fullTitle": "Car Search Browser Automation Test are search results shown to the user: Air | JFK",
            "timedOut": false,
            "duration": 1327,
            "state": "passed",
            "speed": "slow",
            "pass": true,
            "fail": false,
            "pending": false,
            "code": "await page.visit(`${BASE_URL}/RentalCars?geo=7917575&puCode=JFK&puHour=10&puMinute=00&doHour=10&doMinute=00&puDate=2019-12-24&doDate=2019-12-30&driversAge=30&puName=New+York+City%2C+NY+-+John+F.+Kennedy+International+Airport+%28JFK%29&src=SearchForm&from=RentalCars`);\nconst result = await page.findRentalCarSearchResults();\nexpect(result.isUiContainerDisplayed).to.equal(true);\nexpect(result.numUiColumnsIsGaplessChildren).to.be.equal(3);",
            "err": {},
            "isRoot": false,
            "uuid": "4ca59854-8690-4f93-888f-4aef04138421",
            "isHook": false,
            "skipped": false
          },
          {
            "title": "are search results shown to the user: Air | DUB",
            "fullTitle": "Car Search Browser Automation Test are search results shown to the user: Air | DUB",
            "timedOut": false,
            "duration": 1413,
            "state": "passed",
            "speed": "slow",
            "pass": true,
            "fail": false,
            "pending": false,
            "code": "await page.visit(`${BASE_URL}/RentalCars?geo=7917532&puCode=DUB&puHour=10&puMinute=00&doHour=10&doMinute=00&puDate=2020-01-09&doDate=2020-01-14&driversAge=30&puName=Dublin%2C+Ireland+-+Dublin+Airport+%28DUB%29&src=SearchForm&from=RentalCars`);\nconst result = await page.findRentalCarSearchResults();\nexpect(result.isUiContainerDisplayed).to.equal(true);\nexpect(result.numUiColumnsIsGaplessChildren).to.be.equal(3);",
            "err": {},
            "isRoot": false,
            "uuid": "41e28df9-2c58-4f2a-bd86-dbeddb8ead94",
            "isHook": false,
            "skipped": false
          },
          {
            "title": "are search results shown to the user: City | London",
            "fullTitle": "Car Search Browser Automation Test are search results shown to the user: City | London",
            "timedOut": false,
            "duration": 1954,
            "state": "passed",
            "speed": "slow",
            "pass": true,
            "fail": false,
            "pending": false,
            "code": "await page.visit(`${BASE_URL}/RentalCars?geo=186338&puCode=&puHour=10&puMinute=00&doHour=10&doMinute=00&puDate=2020-01-09&doDate=2020-01-14&driversAge=30&puName=London%2C+England&src=SearchForm&from=RentalCars`);\nconst result = await page.findRentalCarSearchResults();\nexpect(result.isUiContainerDisplayed).to.equal(true);\nexpect(result.numUiColumnsIsGaplessChildren).to.be.equal(3);",
            "err": {},
            "isRoot": false,
            "uuid": "87377e09-5fec-45a8-988f-010f78c12aee",
            "isHook": false,
            "skipped": false
          },
          {
            "title": "are search results shown to the user: City | Boston",
            "fullTitle": "Car Search Browser Automation Test are search results shown to the user: City | Boston",
            "timedOut": false,
            "duration": 1483,
            "state": "passed",
            "speed": "slow",
            "pass": true,
            "fail": false,
            "pending": false,
            "code": "await page.visit(`${BASE_URL}/RentalCars?geo=60745&puCode=&puHour=10&puMinute=00&doHour=10&doMinute=00&puDate=2020-01-02&doDate=2020-01-08&driversAge=30&puName=Boston%2C+Massachusetts&src=SearchForm&from=RentalCars`);\nconst result = await page.findRentalCarSearchResults();\nexpect(result.isUiContainerDisplayed).to.equal(true);\nexpect(result.numUiColumnsIsGaplessChildren).to.be.equal(3);",
            "err": {},
            "isRoot": false,
            "uuid": "88115d44-73f2-4c76-8ac7-5f8863448f37",
            "isHook": false,
            "skipped": false
          },
          {
            "title": "are search results shown to the user: City | Madrid",
            "fullTitle": "Car Search Browser Automation Test are search results shown to the user: City | Madrid",
            "timedOut": false,
            "duration": 1482,
            "state": "passed",
            "speed": "slow",
            "pass": true,
            "fail": false,
            "pending": false,
            "code": "await page.visit(`${BASE_URL}/RentalCars?geo=187514&puCode=&puHour=10&puMinute=00&doHour=10&doMinute=00&puDate=2020-02-04&doDate=2020-02-07&driversAge=30&puName=Madrid%2C+Community+of+Madrid&src=SearchForm&from=RentalCars`);\nconst result = await page.findRentalCarSearchResults();\nexpect(result.isUiContainerDisplayed).to.equal(true);\nexpect(result.numUiColumnsIsGaplessChildren).to.be.equal(3);",
            "err": {},
            "isRoot": false,
            "uuid": "d8671ad8-7978-47b8-92fc-9816d651c9f4",
            "isHook": false,
            "skipped": false
          },
          {
            "title": "are search results shown to the user: Island | Maui",
            "fullTitle": "Car Search Browser Automation Test are search results shown to the user: Island | Maui",
            "timedOut": false,
            "duration": 1185,
            "state": "passed",
            "speed": "slow",
            "pass": true,
            "fail": false,
            "pending": false,
            "code": "await page.visit(`${BASE_URL}/RentalCars?geo=29220&puCode=&puHour=10&puMinute=00&doHour=10&doMinute=00&puDate=2020-01-22&doDate=2020-01-26&driversAge=30&puName=Maui%2C+Hawaii&src=SearchForm&from=RentalCars`);\nconst result = await page.findRentalCarSearchResults();\nexpect(result.isUiContainerDisplayed).to.equal(true);\nexpect(result.numUiColumnsIsGaplessChildren).to.be.equal(3);",
            "err": {},
            "isRoot": false,
            "uuid": "da939a0d-148a-48fb-a979-4b3c2fe34acd",
            "isHook": false,
            "skipped": false
          }
        ],
        "suites": [],
        "passes": [
          "70d820b9-43e6-4366-939f-737abb31cf2c",
          "5de0a869-8ea3-48ec-a8e2-5f1a244d91fd",
          "4ca59854-8690-4f93-888f-4aef04138421",
          "41e28df9-2c58-4f2a-bd86-dbeddb8ead94",
          "87377e09-5fec-45a8-988f-010f78c12aee",
          "88115d44-73f2-4c76-8ac7-5f8863448f37",
          "d8671ad8-7978-47b8-92fc-9816d651c9f4",
          "da939a0d-148a-48fb-a979-4b3c2fe34acd"
        ],
        "failures": [],
        "pending": [],
        "skipped": [],
        "duration": 11270,
        "root": false,
        "rootEmpty": false,
        "_timeout": 60000
      }
    ],
    "passes": [],
    "failures": [],
    "pending": [],
    "skipped": [],
    "duration": 0,
    "root": true,
    "rootEmpty": true,
    "_timeout": 2000
  },
  "copyrightYear": 2019
}